0 info it worked if it ends with ok
1 verbose cli [ '/Users/Hanah/.nvm/versions/node/v4.4.2/bin/node',
1 verbose cli   '/Users/Hanah/.nvm/versions/node/v4.4.2/bin/npm',
1 verbose cli   'start' ]
2 info using npm@3.8.9
3 info using node@v4.4.2
4 verbose run-script [ 'prestart', 'start', 'poststart' ]
5 info lifecycle choco3@1.0.0~prestart: choco3@1.0.0
6 silly lifecycle choco3@1.0.0~prestart: no script for prestart, continuing
7 info lifecycle choco3@1.0.0~start: choco3@1.0.0
8 verbose lifecycle choco3@1.0.0~start: unsafe-perm in lifecycle true
9 verbose lifecycle choco3@1.0.0~start: PATH: /Users/Hanah/.nvm/versions/node/v4.4.2/lib/node_modules/npm/bin/node-gyp-bin:/Users/Hanah/Documents/projects/choco3/node_modules/.bin:/Users/Hanah/.nvm/versions/node/v4.4.2/bin:/Users/Hanah/.nvm/versions/node/v4.4.2/bin:/usr/local/heroku/bin:/usr/local/bin:/usr/local/sbin:~/bin:/Users/Hanah/.rbenv/bin:/Users/Hanah/.rbenv/shims:/usr/local/bin:/usr/bin:/bin:/usr/sbin:/sbin:/opt/X11/bin
10 verbose lifecycle choco3@1.0.0~start: CWD: /Users/Hanah/Documents/projects/choco3
11 silly lifecycle choco3@1.0.0~start: Args: [ '-c', 'NODE_ENV=production node index.js' ]
12 silly lifecycle choco3@1.0.0~start: Returned: code: 1  signal: null
13 info lifecycle choco3@1.0.0~start: Failed to exec start script
14 verbose stack Error: choco3@1.0.0 start: `NODE_ENV=production node index.js`
14 verbose stack Exit status 1
14 verbose stack     at EventEmitter.<anonymous> (/Users/Hanah/.nvm/versions/node/v4.4.2/lib/node_modules/npm/lib/utils/lifecycle.js:245:16)
14 verbose stack     at emitTwo (events.js:87:13)
14 verbose stack     at EventEmitter.emit (events.js:172:7)
14 verbose stack     at ChildProcess.<anonymous> (/Users/Hanah/.nvm/versions/node/v4.4.2/lib/node_modules/npm/lib/utils/spawn.js:24:14)
14 verbose stack     at emitTwo (events.js:87:13)
14 verbose stack     at ChildProcess.emit (events.js:172:7)
14 verbose stack     at maybeClose (internal/child_process.js:827:16)
14 verbose stack     at Process.ChildProcess._handle.onexit (internal/child_process.js:211:5)
15 verbose pkgid choco3@1.0.0
16 verbose cwd /Users/Hanah/Documents/projects/choco3
17 error Darwin 14.5.0
18 error argv "/Users/Hanah/.nvm/versions/node/v4.4.2/bin/node" "/Users/Hanah/.nvm/versions/node/v4.4.2/bin/npm" "start"
19 error node v4.4.2
20 error npm  v3.8.9
21 error code ELIFECYCLE
22 error choco3@1.0.0 start: `NODE_ENV=production node index.js`
22 error Exit status 1
23 error Failed at the choco3@1.0.0 start script 'NODE_ENV=production node index.js'.
23 error Make sure you have the latest version of node.js and npm installed.
23 error If you do, this is most likely a problem with the choco3 package,
23 error not with npm itself.
23 error Tell the author that this fails on your system:
23 error     NODE_ENV=production node index.js
23 error You can get information on how to open an issue for this project with:
23 error     npm bugs choco3
23 error Or if that isn't available, you can get their info via:
23 error     npm owner ls choco3
23 error There is likely additional logging output above.
24 verbose exit [ 1, true ]
